a:\olympusmons\s01e05\olympusengine\olympus\intermediate\debug\olympus.pch
a:\olympusmons\s01e05\olympusengine\olympus\intermediate\debug\vc143.pdb
a:\olympusmons\s01e05\olympusengine\olympus\intermediate\debug\vc143.idb
a:\olympusmons\s01e05\olympusengine\olympus\intermediate\debug\cmdlineargs.obj
a:\olympusmons\s01e05\olympusengine\olympus\intermediate\debug\logger.obj
a:\olympusmons\s01e05\olympusengine\olympus\intermediate\debug\time.obj
a:\olympusmons\s01e05\olympusengine\olympus\intermediate\debug\core.obj
a:\olympusmons\s01e05\olympusengine\olympus\intermediate\debug\coredefinitions.obj
a:\olympusmons\s01e05\olympusengine\olympus\intermediate\debug\coreminimal.obj
a:\olympusmons\s01e05\olympusengine\olympus\intermediate\debug\pergamesettings.obj
a:\olympusmons\s01e05\olympusengine\olympus\intermediate\debug\oengine.obj
a:\olympusmons\s01e05\olympusengine\olympus\intermediate\debug\simulation.obj
a:\olympusmons\s01e05\olympusengine\olympus\intermediate\debug\splashscreen.obj
a:\olympusmons\s01e05\olympusengine\olympus\intermediate\debug\olympus.obj
a:\olympusmons\s01e05\olympusengine\olympus\intermediate\debug\iapplication.obj
a:\olympusmons\s01e05\olympusengine\olympus\intermediate\debug\subobject.obj
a:\olympusmons\s01e05\olympusengine\olympus\intermediate\debug\win32utils.obj
a:\olympusmons\s01e05\olympusengine\olympus\intermediate\debug\window.obj
a:\olympusmons\s01e06\olympusengine\olympus\intermediate\debug\olympus.pch
a:\olympusmons\s01e06\olympusengine\olympus\intermediate\debug\vc143.pdb
a:\olympusmons\s01e06\olympusengine\olympus\intermediate\debug\vc143.idb
a:\olympusmons\s01e06\olympusengine\olympus\intermediate\debug\subobject.obj
a:\olympusmons\s01e06\olympusengine\olympus\intermediate\debug\win32utils.obj
a:\olympusmons\s01e06\olympusengine\olympus\intermediate\debug\window.obj
a:\olympusmons\s01e06\olympusengine\olympus\intermediate\debug\cmdlineargs.obj
a:\olympusmons\s01e06\olympusengine\olympus\intermediate\debug\logger.obj
a:\olympusmons\s01e06\olympusengine\olympus\intermediate\debug\time.obj
a:\olympusmons\s01e06\olympusengine\olympus\intermediate\debug\core.obj
a:\olympusmons\s01e06\olympusengine\olympus\intermediate\debug\coredefinitions.obj
a:\olympusmons\s01e06\olympusengine\olympus\intermediate\debug\coreminimal.obj
a:\olympusmons\s01e06\olympusengine\olympus\intermediate\debug\pergamesettings.obj
a:\olympusmons\s01e06\olympusengine\olympus\intermediate\debug\oengine.obj
a:\olympusmons\s01e06\olympusengine\olympus\intermediate\debug\simulation.obj
a:\olympusmons\s01e06\olympusengine\olympus\intermediate\debug\splashscreen.obj
a:\olympusmons\s01e06\olympusengine\olympus\intermediate\debug\olympus.obj
a:\olympusmons\s01e06\olympusengine\olympus\intermediate\debug\iapplication.obj
a:\olympusmons\s01e05\olympusengine\olympus\intermediate\debug\olympus.ilk
a:\olympusmons\s01e05\olympusengine\build\olympus\debug\olympus.dll
a:\olympusmons\s01e05\olympusengine\build\olympus\debug\olympus.pdb
a:\olympusmons\s01e06\olympusengine\build\olympus\debug\olympus.dll
a:\olympusmons\s01e06\olympusengine\olympus\intermediate\debug\olympus.ilk
a:\olympusmons\s01e06\olympusengine\build\olympus\debug\olympus.pdb
a:\olympusmons\e5\olympusengine\build\olympus\debug\olympus.lib
a:\olympusmons\e5\olympusengine\build\olympus\debug\olympus.exp
a:\olympusmons\s01e05\olympusengine\build\olympus\debug\olympus.lib
a:\olympusmons\s01e05\olympusengine\build\olympus\debug\olympus.exp
a:\olympusmons\s01e06\olympusengine\build\olympus\debug\olympus.lib
a:\olympusmons\s01e06\olympusengine\build\olympus\debug\olympus.exp
a:\olympusmons\s01e06\olympusengine\olympus\intermediate\debug\vc142.idb
a:\olympusmons\s01e06\olympusengine\olympus\intermediate\debug\vc142.pdb
a:\olympusmons\s01e06\olympusengine\\build\olympus\debug\olympus.pdb
a:\olympusmons\s01e06\olympusengine\\olympus\intermediate\debug\olympus.vcxproj.filelistabsolute.txt
a:\olympusmons\s01e06\olympusengine\olympus\intermediate\debug\olympus.tlog\cl.command.1.tlog
a:\olympusmons\s01e06\olympusengine\olympus\intermediate\debug\olympus.tlog\cl.read.1.tlog
a:\olympusmons\s01e06\olympusengine\olympus\intermediate\debug\olympus.tlog\cl.write.1.tlog
a:\olympusmons\s01e06\olympusengine\olympus\intermediate\debug\olympus.tlog\link.10348.delete.1.tlog
a:\olympusmons\s01e06\olympusengine\olympus\intermediate\debug\olympus.tlog\link.13564.delete.1.tlog
a:\olympusmons\s01e06\olympusengine\olympus\intermediate\debug\olympus.tlog\link.18120.delete.1.tlog
a:\olympusmons\s01e06\olympusengine\olympus\intermediate\debug\olympus.tlog\link.19556.delete.1.tlog
a:\olympusmons\s01e06\olympusengine\olympus\intermediate\debug\olympus.tlog\link.34980.delete.1.tlog
a:\olympusmons\s01e06\olympusengine\olympus\intermediate\debug\olympus.tlog\link.7612.delete.1.tlog
a:\olympusmons\s01e06\olympusengine\olympus\intermediate\debug\olympus.tlog\link.8032.delete.1.tlog
a:\olympusmons\s01e06\olympusengine\olympus\intermediate\debug\olympus.tlog\link.9892.delete.1.tlog
a:\olympusmons\s01e06\olympusengine\olympus\intermediate\debug\olympus.tlog\link.command.1.tlog
a:\olympusmons\s01e06\olympusengine\olympus\intermediate\debug\olympus.tlog\link.delete.1.tlog
a:\olympusmons\s01e06\olympusengine\olympus\intermediate\debug\olympus.tlog\link.read.1.tlog
a:\olympusmons\s01e06\olympusengine\olympus\intermediate\debug\olympus.tlog\link.write.1.tlog
a:\olympusmons\s01e06\olympusengine\olympus\intermediate\debug\olympus.tlog\olympus.write.1u.tlog
