  CmdLineArgs.cpp
A:\OlympusMons\S01E06\OlympusEngine\Olympus\Source\Platform\Win32\SubObject.h(21,13): warning C4251: 'Win32::SubObject::m_Class': class 'std::basic_string<wchar_t,std::char_traits<wchar_t>,std::allocator<wchar_t>>' needs to have dll-interface to be used by clients of class 'Win32::SubObject'
C:\Program Files\Microsoft Visual Studio\2022\Preview\VC\Tools\MSVC\14.31.30818\include\xstring(4923): message : see declaration of 'std::basic_string<wchar_t,std::char_traits<wchar_t>,std::allocator<wchar_t>>'
A:\OlympusMons\S01E06\OlympusEngine\Olympus\Source\Platform\Win32\SubObject.h(22,13): warning C4251: 'Win32::SubObject::m_Title': class 'std::basic_string<wchar_t,std::char_traits<wchar_t>,std::allocator<wchar_t>>' needs to have dll-interface to be used by clients of class 'Win32::SubObject'
C:\Program Files\Microsoft Visual Studio\2022\Preview\VC\Tools\MSVC\14.31.30818\include\xstring(4923): message : see declaration of 'std::basic_string<wchar_t,std::char_traits<wchar_t>,std::allocator<wchar_t>>'
A:\OlympusMons\S01E06\OlympusEngine\Olympus\Source\Platform\Win32\Window.h(10,76): warning C4275: non dll-interface class 'Win32::Caption' used as base for dll-interface class 'Win32::Window'
A:\OlympusMons\S01E06\OlympusEngine\Olympus\Source\Platform\Win32\w32Caption.h(8): message : see declaration of 'Win32::Caption'
A:\OlympusMons\S01E06\OlympusEngine\Olympus\Source\Platform\Win32\Window.h(10): message : see declaration of 'Win32::Window'
  Logger.cpp
A:\OlympusMons\S01E06\OlympusEngine\Olympus\Source\Platform\Win32\SubObject.h(21,13): warning C4251: 'Win32::SubObject::m_Class': class 'std::basic_string<wchar_t,std::char_traits<wchar_t>,std::allocator<wchar_t>>' needs to have dll-interface to be used by clients of class 'Win32::SubObject'
C:\Program Files\Microsoft Visual Studio\2022\Preview\VC\Tools\MSVC\14.31.30818\include\xstring(4923): message : see declaration of 'std::basic_string<wchar_t,std::char_traits<wchar_t>,std::allocator<wchar_t>>'
A:\OlympusMons\S01E06\OlympusEngine\Olympus\Source\Platform\Win32\SubObject.h(22,13): warning C4251: 'Win32::SubObject::m_Title': class 'std::basic_string<wchar_t,std::char_traits<wchar_t>,std::allocator<wchar_t>>' needs to have dll-interface to be used by clients of class 'Win32::SubObject'
C:\Program Files\Microsoft Visual Studio\2022\Preview\VC\Tools\MSVC\14.31.30818\include\xstring(4923): message : see declaration of 'std::basic_string<wchar_t,std::char_traits<wchar_t>,std::allocator<wchar_t>>'
A:\OlympusMons\S01E06\OlympusEngine\Olympus\Source\Platform\Win32\Window.h(10,76): warning C4275: non dll-interface class 'Win32::Caption' used as base for dll-interface class 'Win32::Window'
A:\OlympusMons\S01E06\OlympusEngine\Olympus\Source\Platform\Win32\w32Caption.h(8): message : see declaration of 'Win32::Caption'
A:\OlympusMons\S01E06\OlympusEngine\Olympus\Source\Platform\Win32\Window.h(10): message : see declaration of 'Win32::Window'
  Time.cpp
A:\OlympusMons\S01E06\OlympusEngine\Olympus\Source\Platform\Win32\SubObject.h(21,13): warning C4251: 'Win32::SubObject::m_Class': class 'std::basic_string<wchar_t,std::char_traits<wchar_t>,std::allocator<wchar_t>>' needs to have dll-interface to be used by clients of class 'Win32::SubObject'
C:\Program Files\Microsoft Visual Studio\2022\Preview\VC\Tools\MSVC\14.31.30818\include\xstring(4923): message : see declaration of 'std::basic_string<wchar_t,std::char_traits<wchar_t>,std::allocator<wchar_t>>'
A:\OlympusMons\S01E06\OlympusEngine\Olympus\Source\Platform\Win32\SubObject.h(22,13): warning C4251: 'Win32::SubObject::m_Title': class 'std::basic_string<wchar_t,std::char_traits<wchar_t>,std::allocator<wchar_t>>' needs to have dll-interface to be used by clients of class 'Win32::SubObject'
C:\Program Files\Microsoft Visual Studio\2022\Preview\VC\Tools\MSVC\14.31.30818\include\xstring(4923): message : see declaration of 'std::basic_string<wchar_t,std::char_traits<wchar_t>,std::allocator<wchar_t>>'
A:\OlympusMons\S01E06\OlympusEngine\Olympus\Source\Platform\Win32\Window.h(10,76): warning C4275: non dll-interface class 'Win32::Caption' used as base for dll-interface class 'Win32::Window'
A:\OlympusMons\S01E06\OlympusEngine\Olympus\Source\Platform\Win32\w32Caption.h(8): message : see declaration of 'Win32::Caption'
A:\OlympusMons\S01E06\OlympusEngine\Olympus\Source\Platform\Win32\Window.h(10): message : see declaration of 'Win32::Window'
  Core.cpp
A:\OlympusMons\S01E06\OlympusEngine\Olympus\Source\Platform\Win32\SubObject.h(21,13): warning C4251: 'Win32::SubObject::m_Class': class 'std::basic_string<wchar_t,std::char_traits<wchar_t>,std::allocator<wchar_t>>' needs to have dll-interface to be used by clients of class 'Win32::SubObject'
C:\Program Files\Microsoft Visual Studio\2022\Preview\VC\Tools\MSVC\14.31.30818\include\xstring(4923): message : see declaration of 'std::basic_string<wchar_t,std::char_traits<wchar_t>,std::allocator<wchar_t>>'
A:\OlympusMons\S01E06\OlympusEngine\Olympus\Source\Platform\Win32\SubObject.h(22,13): warning C4251: 'Win32::SubObject::m_Title': class 'std::basic_string<wchar_t,std::char_traits<wchar_t>,std::allocator<wchar_t>>' needs to have dll-interface to be used by clients of class 'Win32::SubObject'
C:\Program Files\Microsoft Visual Studio\2022\Preview\VC\Tools\MSVC\14.31.30818\include\xstring(4923): message : see declaration of 'std::basic_string<wchar_t,std::char_traits<wchar_t>,std::allocator<wchar_t>>'
A:\OlympusMons\S01E06\OlympusEngine\Olympus\Source\Platform\Win32\Window.h(10,76): warning C4275: non dll-interface class 'Win32::Caption' used as base for dll-interface class 'Win32::Window'
A:\OlympusMons\S01E06\OlympusEngine\Olympus\Source\Platform\Win32\w32Caption.h(8): message : see declaration of 'Win32::Caption'
A:\OlympusMons\S01E06\OlympusEngine\Olympus\Source\Platform\Win32\Window.h(10): message : see declaration of 'Win32::Window'
  CoreDefinitions.cpp
A:\OlympusMons\S01E06\OlympusEngine\Olympus\Source\Platform\Win32\SubObject.h(21,13): warning C4251: 'Win32::SubObject::m_Class': class 'std::basic_string<wchar_t,std::char_traits<wchar_t>,std::allocator<wchar_t>>' needs to have dll-interface to be used by clients of class 'Win32::SubObject'
C:\Program Files\Microsoft Visual Studio\2022\Preview\VC\Tools\MSVC\14.31.30818\include\xstring(4923): message : see declaration of 'std::basic_string<wchar_t,std::char_traits<wchar_t>,std::allocator<wchar_t>>'
A:\OlympusMons\S01E06\OlympusEngine\Olympus\Source\Platform\Win32\SubObject.h(22,13): warning C4251: 'Win32::SubObject::m_Title': class 'std::basic_string<wchar_t,std::char_traits<wchar_t>,std::allocator<wchar_t>>' needs to have dll-interface to be used by clients of class 'Win32::SubObject'
C:\Program Files\Microsoft Visual Studio\2022\Preview\VC\Tools\MSVC\14.31.30818\include\xstring(4923): message : see declaration of 'std::basic_string<wchar_t,std::char_traits<wchar_t>,std::allocator<wchar_t>>'
A:\OlympusMons\S01E06\OlympusEngine\Olympus\Source\Platform\Win32\Window.h(10,76): warning C4275: non dll-interface class 'Win32::Caption' used as base for dll-interface class 'Win32::Window'
A:\OlympusMons\S01E06\OlympusEngine\Olympus\Source\Platform\Win32\w32Caption.h(8): message : see declaration of 'Win32::Caption'
A:\OlympusMons\S01E06\OlympusEngine\Olympus\Source\Platform\Win32\Window.h(10): message : see declaration of 'Win32::Window'
  CoreMinimal.cpp
A:\OlympusMons\S01E06\OlympusEngine\Olympus\Source\Platform\Win32\SubObject.h(21,13): warning C4251: 'Win32::SubObject::m_Class': class 'std::basic_string<wchar_t,std::char_traits<wchar_t>,std::allocator<wchar_t>>' needs to have dll-interface to be used by clients of class 'Win32::SubObject'
C:\Program Files\Microsoft Visual Studio\2022\Preview\VC\Tools\MSVC\14.31.30818\include\xstring(4923): message : see declaration of 'std::basic_string<wchar_t,std::char_traits<wchar_t>,std::allocator<wchar_t>>'
A:\OlympusMons\S01E06\OlympusEngine\Olympus\Source\Platform\Win32\SubObject.h(22,13): warning C4251: 'Win32::SubObject::m_Title': class 'std::basic_string<wchar_t,std::char_traits<wchar_t>,std::allocator<wchar_t>>' needs to have dll-interface to be used by clients of class 'Win32::SubObject'
C:\Program Files\Microsoft Visual Studio\2022\Preview\VC\Tools\MSVC\14.31.30818\include\xstring(4923): message : see declaration of 'std::basic_string<wchar_t,std::char_traits<wchar_t>,std::allocator<wchar_t>>'
A:\OlympusMons\S01E06\OlympusEngine\Olympus\Source\Platform\Win32\Window.h(10,76): warning C4275: non dll-interface class 'Win32::Caption' used as base for dll-interface class 'Win32::Window'
A:\OlympusMons\S01E06\OlympusEngine\Olympus\Source\Platform\Win32\w32Caption.h(8): message : see declaration of 'Win32::Caption'
A:\OlympusMons\S01E06\OlympusEngine\Olympus\Source\Platform\Win32\Window.h(10): message : see declaration of 'Win32::Window'
  PerGameSettings.cpp
A:\OlympusMons\S01E06\OlympusEngine\Olympus\Source\Platform\Win32\SubObject.h(21,13): warning C4251: 'Win32::SubObject::m_Class': class 'std::basic_string<wchar_t,std::char_traits<wchar_t>,std::allocator<wchar_t>>' needs to have dll-interface to be used by clients of class 'Win32::SubObject'
C:\Program Files\Microsoft Visual Studio\2022\Preview\VC\Tools\MSVC\14.31.30818\include\xstring(4923): message : see declaration of 'std::basic_string<wchar_t,std::char_traits<wchar_t>,std::allocator<wchar_t>>'
A:\OlympusMons\S01E06\OlympusEngine\Olympus\Source\Platform\Win32\SubObject.h(22,13): warning C4251: 'Win32::SubObject::m_Title': class 'std::basic_string<wchar_t,std::char_traits<wchar_t>,std::allocator<wchar_t>>' needs to have dll-interface to be used by clients of class 'Win32::SubObject'
C:\Program Files\Microsoft Visual Studio\2022\Preview\VC\Tools\MSVC\14.31.30818\include\xstring(4923): message : see declaration of 'std::basic_string<wchar_t,std::char_traits<wchar_t>,std::allocator<wchar_t>>'
A:\OlympusMons\S01E06\OlympusEngine\Olympus\Source\Platform\Win32\Window.h(10,76): warning C4275: non dll-interface class 'Win32::Caption' used as base for dll-interface class 'Win32::Window'
A:\OlympusMons\S01E06\OlympusEngine\Olympus\Source\Platform\Win32\w32Caption.h(8): message : see declaration of 'Win32::Caption'
A:\OlympusMons\S01E06\OlympusEngine\Olympus\Source\Platform\Win32\Window.h(10): message : see declaration of 'Win32::Window'
  OEngine.cpp
A:\OlympusMons\S01E06\OlympusEngine\Olympus\Source\Platform\Win32\SubObject.h(21,13): warning C4251: 'Win32::SubObject::m_Class': class 'std::basic_string<wchar_t,std::char_traits<wchar_t>,std::allocator<wchar_t>>' needs to have dll-interface to be used by clients of class 'Win32::SubObject'
C:\Program Files\Microsoft Visual Studio\2022\Preview\VC\Tools\MSVC\14.31.30818\include\xstring(4923): message : see declaration of 'std::basic_string<wchar_t,std::char_traits<wchar_t>,std::allocator<wchar_t>>'
A:\OlympusMons\S01E06\OlympusEngine\Olympus\Source\Platform\Win32\SubObject.h(22,13): warning C4251: 'Win32::SubObject::m_Title': class 'std::basic_string<wchar_t,std::char_traits<wchar_t>,std::allocator<wchar_t>>' needs to have dll-interface to be used by clients of class 'Win32::SubObject'
C:\Program Files\Microsoft Visual Studio\2022\Preview\VC\Tools\MSVC\14.31.30818\include\xstring(4923): message : see declaration of 'std::basic_string<wchar_t,std::char_traits<wchar_t>,std::allocator<wchar_t>>'
A:\OlympusMons\S01E06\OlympusEngine\Olympus\Source\Platform\Win32\Window.h(10,76): warning C4275: non dll-interface class 'Win32::Caption' used as base for dll-interface class 'Win32::Window'
A:\OlympusMons\S01E06\OlympusEngine\Olympus\Source\Platform\Win32\w32Caption.h(8): message : see declaration of 'Win32::Caption'
A:\OlympusMons\S01E06\OlympusEngine\Olympus\Source\Platform\Win32\Window.h(10): message : see declaration of 'Win32::Window'
  Simulation.cpp
A:\OlympusMons\S01E06\OlympusEngine\Olympus\Source\Platform\Win32\SubObject.h(21,13): warning C4251: 'Win32::SubObject::m_Class': class 'std::basic_string<wchar_t,std::char_traits<wchar_t>,std::allocator<wchar_t>>' needs to have dll-interface to be used by clients of class 'Win32::SubObject'
C:\Program Files\Microsoft Visual Studio\2022\Preview\VC\Tools\MSVC\14.31.30818\include\xstring(4923): message : see declaration of 'std::basic_string<wchar_t,std::char_traits<wchar_t>,std::allocator<wchar_t>>'
A:\OlympusMons\S01E06\OlympusEngine\Olympus\Source\Platform\Win32\SubObject.h(22,13): warning C4251: 'Win32::SubObject::m_Title': class 'std::basic_string<wchar_t,std::char_traits<wchar_t>,std::allocator<wchar_t>>' needs to have dll-interface to be used by clients of class 'Win32::SubObject'
C:\Program Files\Microsoft Visual Studio\2022\Preview\VC\Tools\MSVC\14.31.30818\include\xstring(4923): message : see declaration of 'std::basic_string<wchar_t,std::char_traits<wchar_t>,std::allocator<wchar_t>>'
A:\OlympusMons\S01E06\OlympusEngine\Olympus\Source\Platform\Win32\Window.h(10,76): warning C4275: non dll-interface class 'Win32::Caption' used as base for dll-interface class 'Win32::Window'
A:\OlympusMons\S01E06\OlympusEngine\Olympus\Source\Platform\Win32\w32Caption.h(8): message : see declaration of 'Win32::Caption'
A:\OlympusMons\S01E06\OlympusEngine\Olympus\Source\Platform\Win32\Window.h(10): message : see declaration of 'Win32::Window'
A:\OlympusMons\S01E06\OlympusEngine\Olympus\Source\Engine\Simulation.cpp(42,3): warning C4060: switch statement contains no 'case' or 'default' labels
  SplashScreen.cpp
A:\OlympusMons\S01E06\OlympusEngine\Olympus\Source\Platform\Win32\SubObject.h(21,13): warning C4251: 'Win32::SubObject::m_Class': class 'std::basic_string<wchar_t,std::char_traits<wchar_t>,std::allocator<wchar_t>>' needs to have dll-interface to be used by clients of class 'Win32::SubObject'
C:\Program Files\Microsoft Visual Studio\2022\Preview\VC\Tools\MSVC\14.31.30818\include\xstring(4923): message : see declaration of 'std::basic_string<wchar_t,std::char_traits<wchar_t>,std::allocator<wchar_t>>'
A:\OlympusMons\S01E06\OlympusEngine\Olympus\Source\Platform\Win32\SubObject.h(22,13): warning C4251: 'Win32::SubObject::m_Title': class 'std::basic_string<wchar_t,std::char_traits<wchar_t>,std::allocator<wchar_t>>' needs to have dll-interface to be used by clients of class 'Win32::SubObject'
C:\Program Files\Microsoft Visual Studio\2022\Preview\VC\Tools\MSVC\14.31.30818\include\xstring(4923): message : see declaration of 'std::basic_string<wchar_t,std::char_traits<wchar_t>,std::allocator<wchar_t>>'
A:\OlympusMons\S01E06\OlympusEngine\Olympus\Source\Platform\Win32\Window.h(10,76): warning C4275: non dll-interface class 'Win32::Caption' used as base for dll-interface class 'Win32::Window'
A:\OlympusMons\S01E06\OlympusEngine\Olympus\Source\Platform\Win32\w32Caption.h(8): message : see declaration of 'Win32::Caption'
A:\OlympusMons\S01E06\OlympusEngine\Olympus\Source\Platform\Win32\Window.h(10): message : see declaration of 'Win32::Window'
A:\OlympusMons\S01E06\OlympusEngine\Olympus\Source\Engine\SplashScreen.cpp(67,91): warning C4267: 'argument': conversion from 'size_t' to 'int', possible loss of data
A:\OlympusMons\S01E06\OlympusEngine\Olympus\Source\Engine\SplashScreen.cpp(72,87): warning C4267: 'argument': conversion from 'size_t' to 'int', possible loss of data
A:\OlympusMons\S01E06\OlympusEngine\Olympus\Source\Engine\SplashScreen.cpp(53,12): warning C4101: 'hmemdc': unreferenced local variable
A:\OlympusMons\S01E06\OlympusEngine\Olympus\Source\Engine\SplashScreen.cpp(52,11): warning C4101: 'hbitmap': unreferenced local variable
  Olympus.cpp
A:\OlympusMons\S01E06\OlympusEngine\Olympus\Source\Platform\Win32\SubObject.h(21,13): warning C4251: 'Win32::SubObject::m_Class': class 'std::basic_string<wchar_t,std::char_traits<wchar_t>,std::allocator<wchar_t>>' needs to have dll-interface to be used by clients of class 'Win32::SubObject'
C:\Program Files\Microsoft Visual Studio\2022\Preview\VC\Tools\MSVC\14.31.30818\include\xstring(4923): message : see declaration of 'std::basic_string<wchar_t,std::char_traits<wchar_t>,std::allocator<wchar_t>>'
A:\OlympusMons\S01E06\OlympusEngine\Olympus\Source\Platform\Win32\SubObject.h(22,13): warning C4251: 'Win32::SubObject::m_Title': class 'std::basic_string<wchar_t,std::char_traits<wchar_t>,std::allocator<wchar_t>>' needs to have dll-interface to be used by clients of class 'Win32::SubObject'
C:\Program Files\Microsoft Visual Studio\2022\Preview\VC\Tools\MSVC\14.31.30818\include\xstring(4923): message : see declaration of 'std::basic_string<wchar_t,std::char_traits<wchar_t>,std::allocator<wchar_t>>'
A:\OlympusMons\S01E06\OlympusEngine\Olympus\Source\Platform\Win32\Window.h(10,76): warning C4275: non dll-interface class 'Win32::Caption' used as base for dll-interface class 'Win32::Window'
A:\OlympusMons\S01E06\OlympusEngine\Olympus\Source\Platform\Win32\w32Caption.h(8): message : see declaration of 'Win32::Caption'
A:\OlympusMons\S01E06\OlympusEngine\Olympus\Source\Platform\Win32\Window.h(10): message : see declaration of 'Win32::Window'
  IApplication.cpp
A:\OlympusMons\S01E06\OlympusEngine\Olympus\Source\Platform\Win32\SubObject.h(21,13): warning C4251: 'Win32::SubObject::m_Class': class 'std::basic_string<wchar_t,std::char_traits<wchar_t>,std::allocator<wchar_t>>' needs to have dll-interface to be used by clients of class 'Win32::SubObject'
C:\Program Files\Microsoft Visual Studio\2022\Preview\VC\Tools\MSVC\14.31.30818\include\xstring(4923): message : see declaration of 'std::basic_string<wchar_t,std::char_traits<wchar_t>,std::allocator<wchar_t>>'
A:\OlympusMons\S01E06\OlympusEngine\Olympus\Source\Platform\Win32\SubObject.h(22,13): warning C4251: 'Win32::SubObject::m_Title': class 'std::basic_string<wchar_t,std::char_traits<wchar_t>,std::allocator<wchar_t>>' needs to have dll-interface to be used by clients of class 'Win32::SubObject'
C:\Program Files\Microsoft Visual Studio\2022\Preview\VC\Tools\MSVC\14.31.30818\include\xstring(4923): message : see declaration of 'std::basic_string<wchar_t,std::char_traits<wchar_t>,std::allocator<wchar_t>>'
A:\OlympusMons\S01E06\OlympusEngine\Olympus\Source\Platform\Win32\Window.h(10,76): warning C4275: non dll-interface class 'Win32::Caption' used as base for dll-interface class 'Win32::Window'
A:\OlympusMons\S01E06\OlympusEngine\Olympus\Source\Platform\Win32\w32Caption.h(8): message : see declaration of 'Win32::Caption'
A:\OlympusMons\S01E06\OlympusEngine\Olympus\Source\Platform\Win32\Window.h(10): message : see declaration of 'Win32::Window'
  SubObject.cpp
A:\OlympusMons\S01E06\OlympusEngine\Olympus\Source\Platform\Win32\SubObject.h(21,13): warning C4251: 'Win32::SubObject::m_Class': class 'std::basic_string<wchar_t,std::char_traits<wchar_t>,std::allocator<wchar_t>>' needs to have dll-interface to be used by clients of class 'Win32::SubObject'
C:\Program Files\Microsoft Visual Studio\2022\Preview\VC\Tools\MSVC\14.31.30818\include\xstring(4923): message : see declaration of 'std::basic_string<wchar_t,std::char_traits<wchar_t>,std::allocator<wchar_t>>'
A:\OlympusMons\S01E06\OlympusEngine\Olympus\Source\Platform\Win32\SubObject.h(22,13): warning C4251: 'Win32::SubObject::m_Title': class 'std::basic_string<wchar_t,std::char_traits<wchar_t>,std::allocator<wchar_t>>' needs to have dll-interface to be used by clients of class 'Win32::SubObject'
C:\Program Files\Microsoft Visual Studio\2022\Preview\VC\Tools\MSVC\14.31.30818\include\xstring(4923): message : see declaration of 'std::basic_string<wchar_t,std::char_traits<wchar_t>,std::allocator<wchar_t>>'
A:\OlympusMons\S01E06\OlympusEngine\Olympus\Source\Platform\Win32\Window.h(10,76): warning C4275: non dll-interface class 'Win32::Caption' used as base for dll-interface class 'Win32::Window'
A:\OlympusMons\S01E06\OlympusEngine\Olympus\Source\Platform\Win32\w32Caption.h(8): message : see declaration of 'Win32::Caption'
A:\OlympusMons\S01E06\OlympusEngine\Olympus\Source\Platform\Win32\Window.h(10): message : see declaration of 'Win32::Window'
  Win32Utils.cpp
A:\OlympusMons\S01E06\OlympusEngine\Olympus\Source\Platform\Win32\SubObject.h(21,13): warning C4251: 'Win32::SubObject::m_Class': class 'std::basic_string<wchar_t,std::char_traits<wchar_t>,std::allocator<wchar_t>>' needs to have dll-interface to be used by clients of class 'Win32::SubObject'
C:\Program Files\Microsoft Visual Studio\2022\Preview\VC\Tools\MSVC\14.31.30818\include\xstring(4923): message : see declaration of 'std::basic_string<wchar_t,std::char_traits<wchar_t>,std::allocator<wchar_t>>'
A:\OlympusMons\S01E06\OlympusEngine\Olympus\Source\Platform\Win32\SubObject.h(22,13): warning C4251: 'Win32::SubObject::m_Title': class 'std::basic_string<wchar_t,std::char_traits<wchar_t>,std::allocator<wchar_t>>' needs to have dll-interface to be used by clients of class 'Win32::SubObject'
C:\Program Files\Microsoft Visual Studio\2022\Preview\VC\Tools\MSVC\14.31.30818\include\xstring(4923): message : see declaration of 'std::basic_string<wchar_t,std::char_traits<wchar_t>,std::allocator<wchar_t>>'
A:\OlympusMons\S01E06\OlympusEngine\Olympus\Source\Platform\Win32\Window.h(10,76): warning C4275: non dll-interface class 'Win32::Caption' used as base for dll-interface class 'Win32::Window'
A:\OlympusMons\S01E06\OlympusEngine\Olympus\Source\Platform\Win32\w32Caption.h(8): message : see declaration of 'Win32::Caption'
A:\OlympusMons\S01E06\OlympusEngine\Olympus\Source\Platform\Win32\Window.h(10): message : see declaration of 'Win32::Window'
  Window.cpp
A:\OlympusMons\S01E06\OlympusEngine\Olympus\Source\Platform\Win32\SubObject.h(21,13): warning C4251: 'Win32::SubObject::m_Class': class 'std::basic_string<wchar_t,std::char_traits<wchar_t>,std::allocator<wchar_t>>' needs to have dll-interface to be used by clients of class 'Win32::SubObject'
C:\Program Files\Microsoft Visual Studio\2022\Preview\VC\Tools\MSVC\14.31.30818\include\xstring(4923): message : see declaration of 'std::basic_string<wchar_t,std::char_traits<wchar_t>,std::allocator<wchar_t>>'
A:\OlympusMons\S01E06\OlympusEngine\Olympus\Source\Platform\Win32\SubObject.h(22,13): warning C4251: 'Win32::SubObject::m_Title': class 'std::basic_string<wchar_t,std::char_traits<wchar_t>,std::allocator<wchar_t>>' needs to have dll-interface to be used by clients of class 'Win32::SubObject'
C:\Program Files\Microsoft Visual Studio\2022\Preview\VC\Tools\MSVC\14.31.30818\include\xstring(4923): message : see declaration of 'std::basic_string<wchar_t,std::char_traits<wchar_t>,std::allocator<wchar_t>>'
A:\OlympusMons\S01E06\OlympusEngine\Olympus\Source\Platform\Win32\Window.h(10,76): warning C4275: non dll-interface class 'Win32::Caption' used as base for dll-interface class 'Win32::Window'
A:\OlympusMons\S01E06\OlympusEngine\Olympus\Source\Platform\Win32\w32Caption.h(8): message : see declaration of 'Win32::Caption'
A:\OlympusMons\S01E06\OlympusEngine\Olympus\Source\Platform\Win32\Window.h(10): message : see declaration of 'Win32::Window'
A:\OlympusMons\S01E06\OlympusEngine\Olympus\Source\Platform\Win32\Window.cpp(148,105): warning C4267: 'argument': conversion from 'size_t' to 'int', possible loss of data
A:\OlympusMons\S01E06\OlympusEngine\Olympus\Source\Platform\Win32\Window.cpp(182,123): warning C4267: 'argument': conversion from 'size_t' to 'int', possible loss of data
  w32Caption.cpp
A:\OlympusMons\S01E06\OlympusEngine\Olympus\Source\Platform\Win32\SubObject.h(21,13): warning C4251: 'Win32::SubObject::m_Class': class 'std::basic_string<wchar_t,std::char_traits<wchar_t>,std::allocator<wchar_t>>' needs to have dll-interface to be used by clients of class 'Win32::SubObject'
C:\Program Files\Microsoft Visual Studio\2022\Preview\VC\Tools\MSVC\14.31.30818\include\xstring(4923): message : see declaration of 'std::basic_string<wchar_t,std::char_traits<wchar_t>,std::allocator<wchar_t>>'
A:\OlympusMons\S01E06\OlympusEngine\Olympus\Source\Platform\Win32\SubObject.h(22,13): warning C4251: 'Win32::SubObject::m_Title': class 'std::basic_string<wchar_t,std::char_traits<wchar_t>,std::allocator<wchar_t>>' needs to have dll-interface to be used by clients of class 'Win32::SubObject'
C:\Program Files\Microsoft Visual Studio\2022\Preview\VC\Tools\MSVC\14.31.30818\include\xstring(4923): message : see declaration of 'std::basic_string<wchar_t,std::char_traits<wchar_t>,std::allocator<wchar_t>>'
A:\OlympusMons\S01E06\OlympusEngine\Olympus\Source\Platform\Win32\Window.h(10,76): warning C4275: non dll-interface class 'Win32::Caption' used as base for dll-interface class 'Win32::Window'
A:\OlympusMons\S01E06\OlympusEngine\Olympus\Source\Platform\Win32\w32Caption.h(8): message : see declaration of 'Win32::Caption'
A:\OlympusMons\S01E06\OlympusEngine\Olympus\Source\Platform\Win32\Window.h(10): message : see declaration of 'Win32::Window'
     Creating library A:\OlympusMons\S01E06\OlympusEngine\\Build\Debug\Olympus.lib and object A:\OlympusMons\S01E06\OlympusEngine\\Build\Debug\Olympus.exp
  Olympus.vcxproj -> A:\OlympusMons\S01E06\OlympusEngine\Build\Debug\Olympus.dll
