a:\olympusmons\s01e05\olympusengine\blankproject\intermediate\debug\blankproject.pch
a:\olympusmons\s01e05\olympusengine\blankproject\intermediate\debug\vc143.pdb
a:\olympusmons\s01e05\olympusengine\blankproject\intermediate\debug\vc143.idb
a:\olympusmons\s01e05\olympusengine\blankproject\intermediate\debug\blankproject.obj
a:\olympusmons\s01e06\olympusengine\blankproject\intermediate\debug\blankproject.pch
a:\olympusmons\s01e06\olympusengine\blankproject\intermediate\debug\vc143.pdb
a:\olympusmons\s01e06\olympusengine\blankproject\intermediate\debug\vc143.idb
a:\olympusmons\s01e06\olympusengine\blankproject\intermediate\debug\blankproject.obj
a:\olympusmons\s01e05\olympusengine\blankproject\intermediate\debug\blankproject.ilk
a:\olympusmons\s01e05\olympusengine\build\blankproject\debug\blankproject.exe
a:\olympusmons\s01e05\olympusengine\build\blankproject\debug\blankproject.pdb
a:\olympusmons\s01e06\olympusengine\build\blankproject\debug\blankproject.exe
a:\olympusmons\s01e06\olympusengine\blankproject\intermediate\debug\blankproject.ilk
a:\olympusmons\s01e06\olympusengine\build\blankproject\debug\blankproject.pdb
a:\olympusmons\s01e05\olympusengine\blankproject\intermediate\debug\blankproject.res
a:\olympusmons\s01e06\olympusengine\blankproject\intermediate\debug\blankproject.res
a:\olympusmons\s01e06\olympusengine\blankproject\intermediate\debug\application.obj
a:\olympusmons\s01e06\olympusengine\blankproject\intermediate\debug\pch.obj
a:\olympusmons\s01e06\olympusengine\blankproject\intermediate\debug\vc142.idb
a:\olympusmons\s01e06\olympusengine\blankproject\intermediate\debug\vc142.pdb
a:\olympusmons\s01e06\olympusengine\\build\blankproject\debug\blankproject.pdb
a:\olympusmons\s01e06\olympusengine\\blankproject\intermediate\debug\blankproject.vcxproj.filelistabsolute.txt
a:\olympusmons\s01e06\olympusengine\blankproject\intermediate\debug\blankproject.tlog\cl.command.1.tlog
a:\olympusmons\s01e06\olympusengine\blankproject\intermediate\debug\blankproject.tlog\cl.read.1.tlog
a:\olympusmons\s01e06\olympusengine\blankproject\intermediate\debug\blankproject.tlog\cl.write.1.tlog
a:\olympusmons\s01e06\olympusengine\blankproject\intermediate\debug\blankproject.tlog\link.command.1.tlog
a:\olympusmons\s01e06\olympusengine\blankproject\intermediate\debug\blankproject.tlog\link.read.1.tlog
a:\olympusmons\s01e06\olympusengine\blankproject\intermediate\debug\blankproject.tlog\link.write.1.tlog
a:\olympusmons\s01e06\olympusengine\blankproject\intermediate\debug\blankproject.tlog\rc.command.1.tlog
a:\olympusmons\s01e06\olympusengine\blankproject\intermediate\debug\blankproject.tlog\rc.read.1.tlog
a:\olympusmons\s01e06\olympusengine\blankproject\intermediate\debug\blankproject.tlog\rc.write.1.tlog
