a:\olympusmons\e5\olympusengine\olympus\intermediate\debug\olympus.pch
a:\olympusmons\e5\olympusengine\olympus\intermediate\debug\vc142.pdb
a:\olympusmons\e5\olympusengine\olympus\intermediate\debug\vc142.idb
a:\olympusmons\e5\olympusengine\olympus\intermediate\debug\cmdlineargs.obj
a:\olympusmons\e5\olympusengine\olympus\intermediate\debug\logger.obj
a:\olympusmons\e5\olympusengine\olympus\intermediate\debug\time.obj
a:\olympusmons\e5\olympusengine\olympus\intermediate\debug\core.obj
a:\olympusmons\e5\olympusengine\olympus\intermediate\debug\coredefinitions.obj
a:\olympusmons\e5\olympusengine\olympus\intermediate\debug\coreminimal.obj
a:\olympusmons\e5\olympusengine\olympus\intermediate\debug\pergamesettings.obj
a:\olympusmons\e5\olympusengine\olympus\intermediate\debug\oengine.obj
a:\olympusmons\e5\olympusengine\olympus\intermediate\debug\simulation.obj
a:\olympusmons\e5\olympusengine\olympus\intermediate\debug\splashscreen.obj
a:\olympusmons\e5\olympusengine\olympus\intermediate\debug\olympus.obj
a:\olympusmons\e5\olympusengine\olympus\intermediate\debug\iapplication.obj
a:\olympusmons\e5\olympusengine\olympus\intermediate\debug\subobject.obj
a:\olympusmons\e5\olympusengine\olympus\intermediate\debug\window.obj
a:\olympusmons\e5\olympusengine\build\olympus\debug\olympus.dll
a:\olympusmons\e5\olympusengine\olympus\intermediate\debug\olympus.ilk
a:\olympusmons\e5\olympusengine\build\olympus\debug\olympus.pdb
a:\olympusmons\e5\olympusengine\build\olympus\debug\olympus.lib
a:\olympusmons\e5\olympusengine\build\olympus\debug\olympus.exp
a:\olympusmons\e5\olympusengine\\build\olympus\debug\olympus.pdb
a:\olympusmons\e5\olympusengine\olympus\intermediate\debug\olympus.tlog\cl.command.1.tlog
a:\olympusmons\e5\olympusengine\olympus\intermediate\debug\olympus.tlog\cl.read.1.tlog
a:\olympusmons\e5\olympusengine\olympus\intermediate\debug\olympus.tlog\cl.write.1.tlog
a:\olympusmons\e5\olympusengine\olympus\intermediate\debug\olympus.tlog\link.command.1.tlog
a:\olympusmons\e5\olympusengine\olympus\intermediate\debug\olympus.tlog\link.read.1.tlog
a:\olympusmons\e5\olympusengine\olympus\intermediate\debug\olympus.tlog\link.write.1.tlog
a:\olympusmons\e5\olympusengine\olympus\intermediate\debug\olympus.tlog\olympus.write.1u.tlog
