  CmdLineArgs.cpp
  Logger.cpp
  Time.cpp
  Core.cpp
  CoreDefinitions.cpp
  CoreMinimal.cpp
  PerGameSettings.cpp
  OEngine.cpp
  Simulation.cpp
A:\OlympusMons\E5\OlympusEngine\Olympus\Source\Platform\Win32\SubObject.h(23,18): warning C4251: 'Win32::SubObject::m_Class': class 'std::basic_string<wchar_t,std::char_traits<wchar_t>,std::allocator<wchar_t>>' needs to have dll-interface to be used by clients of class 'Win32::SubObject'
P:\Program Files (x86)\Microsoft Visual Studio\2019\Preview\VC\Tools\MSVC\14.29.30129\include\xstring(4906): message : see declaration of 'std::basic_string<wchar_t,std::char_traits<wchar_t>,std::allocator<wchar_t>>'
A:\OlympusMons\E5\OlympusEngine\Olympus\Source\Platform\Win32\SubObject.h(24,18): warning C4251: 'Win32::SubObject::m_Title': class 'std::basic_string<wchar_t,std::char_traits<wchar_t>,std::allocator<wchar_t>>' needs to have dll-interface to be used by clients of class 'Win32::SubObject'
P:\Program Files (x86)\Microsoft Visual Studio\2019\Preview\VC\Tools\MSVC\14.29.30129\include\xstring(4906): message : see declaration of 'std::basic_string<wchar_t,std::char_traits<wchar_t>,std::allocator<wchar_t>>'
  SplashScreen.cpp
A:\OlympusMons\E5\OlympusEngine\Olympus\Source\Platform\Win32\SubObject.h(23,18): warning C4251: 'Win32::SubObject::m_Class': class 'std::basic_string<wchar_t,std::char_traits<wchar_t>,std::allocator<wchar_t>>' needs to have dll-interface to be used by clients of class 'Win32::SubObject'
P:\Program Files (x86)\Microsoft Visual Studio\2019\Preview\VC\Tools\MSVC\14.29.30129\include\xstring(4906): message : see declaration of 'std::basic_string<wchar_t,std::char_traits<wchar_t>,std::allocator<wchar_t>>'
A:\OlympusMons\E5\OlympusEngine\Olympus\Source\Platform\Win32\SubObject.h(24,18): warning C4251: 'Win32::SubObject::m_Title': class 'std::basic_string<wchar_t,std::char_traits<wchar_t>,std::allocator<wchar_t>>' needs to have dll-interface to be used by clients of class 'Win32::SubObject'
P:\Program Files (x86)\Microsoft Visual Studio\2019\Preview\VC\Tools\MSVC\14.29.30129\include\xstring(4906): message : see declaration of 'std::basic_string<wchar_t,std::char_traits<wchar_t>,std::allocator<wchar_t>>'
A:\OlympusMons\E5\OlympusEngine\Olympus\Source\Engine\SplashScreen.cpp(66,89): warning C4267: 'argument': conversion from 'size_t' to 'int', possible loss of data
A:\OlympusMons\E5\OlympusEngine\Olympus\Source\Engine\SplashScreen.cpp(71,84): warning C4267: 'argument': conversion from 'size_t' to 'int', possible loss of data
A:\OlympusMons\E5\OlympusEngine\Olympus\Source\Engine\SplashScreen.cpp(52,12): warning C4101: 'hmemdc': unreferenced local variable
A:\OlympusMons\E5\OlympusEngine\Olympus\Source\Engine\SplashScreen.cpp(51,11): warning C4101: 'hbitmap': unreferenced local variable
  Olympus.cpp
  IApplication.cpp
  SubObject.cpp
A:\OlympusMons\E5\OlympusEngine\Olympus\Source\Platform\Win32\SubObject.h(23,18): warning C4251: 'Win32::SubObject::m_Class': class 'std::basic_string<wchar_t,std::char_traits<wchar_t>,std::allocator<wchar_t>>' needs to have dll-interface to be used by clients of class 'Win32::SubObject'
P:\Program Files (x86)\Microsoft Visual Studio\2019\Preview\VC\Tools\MSVC\14.29.30129\include\xstring(4906): message : see declaration of 'std::basic_string<wchar_t,std::char_traits<wchar_t>,std::allocator<wchar_t>>'
A:\OlympusMons\E5\OlympusEngine\Olympus\Source\Platform\Win32\SubObject.h(24,18): warning C4251: 'Win32::SubObject::m_Title': class 'std::basic_string<wchar_t,std::char_traits<wchar_t>,std::allocator<wchar_t>>' needs to have dll-interface to be used by clients of class 'Win32::SubObject'
P:\Program Files (x86)\Microsoft Visual Studio\2019\Preview\VC\Tools\MSVC\14.29.30129\include\xstring(4906): message : see declaration of 'std::basic_string<wchar_t,std::char_traits<wchar_t>,std::allocator<wchar_t>>'
  Win32Utils.cpp
  Window.cpp
A:\OlympusMons\E5\OlympusEngine\Olympus\Source\Platform\Win32\SubObject.h(23,18): warning C4251: 'Win32::SubObject::m_Class': class 'std::basic_string<wchar_t,std::char_traits<wchar_t>,std::allocator<wchar_t>>' needs to have dll-interface to be used by clients of class 'Win32::SubObject'
P:\Program Files (x86)\Microsoft Visual Studio\2019\Preview\VC\Tools\MSVC\14.29.30129\include\xstring(4906): message : see declaration of 'std::basic_string<wchar_t,std::char_traits<wchar_t>,std::allocator<wchar_t>>'
A:\OlympusMons\E5\OlympusEngine\Olympus\Source\Platform\Win32\SubObject.h(24,18): warning C4251: 'Win32::SubObject::m_Title': class 'std::basic_string<wchar_t,std::char_traits<wchar_t>,std::allocator<wchar_t>>' needs to have dll-interface to be used by clients of class 'Win32::SubObject'
P:\Program Files (x86)\Microsoft Visual Studio\2019\Preview\VC\Tools\MSVC\14.29.30129\include\xstring(4906): message : see declaration of 'std::basic_string<wchar_t,std::char_traits<wchar_t>,std::allocator<wchar_t>>'
  Olympus.vcxproj -> A:\OlympusMons\E5\OlympusEngine\Build\Olympus\Debug\Olympus.dll
